# JRE version: OpenJDK Runtime Environment (8.0_76-b03) (build 1.8.0_76-release-b03)
# Java VM: OpenJDK 64-Bit Server VM (25.76-b03 mixed mode windows-amd64 compressed oops)
Heap:
 PSYoungGen      total 53248K, used 46146K [0x00000000eab00000, 0x00000000ef680000, 0x0000000100000000)
  eden space 43520K, 100% used [0x00000000eab00000,0x00000000ed580000,0x00000000ed580000)
  from space 9728K, 27% used [0x00000000ed580000,0x00000000ed810ba0,0x00000000edf00000)
  to   space 9216K, 0% used [0x00000000eed80000,0x00000000eed80000,0x00000000ef680000)
 ParOldGen       total 51712K, used 14659K [0x00000000c0000000, 0x00000000c3280000, 0x00000000eab00000)
  object space 51712K, 28% used [0x00000000c0000000,0x00000000c0e50e90,0x00000000c3280000)
 Metaspace       used 32973K, capacity 33724K, committed 33920K, reserved 1079296K
  class space    used 4455K, capacity 4652K, committed 4736K, reserved 1048576K
GC Heap History (10 events):
Event: 10.586 GC heap before
{Heap before GC invocations=8 (full 1):
 PSYoungGen      total 23040K, used 22520K [0x00000000eab00000, 0x00000000ee500000, 0x0000000100000000)
  eden space 18944K, 100% used [0x00000000eab00000,0x00000000ebd80000,0x00000000ebd80000)
  from space 4096K, 87% used [0x00000000ec700000,0x00000000eca7e0a0,0x00000000ecb00000)
  to   space 9728K, 0% used [0x00000000ebd80000,0x00000000ebd80000,0x00000000ec700000)
 ParOldGen       total 51712K, used 11034K [0x00000000c0000000, 0x00000000c3280000, 0x00000000eab00000)
  object space 51712K, 21% used [0x00000000c0000000,0x00000000c0ac6a38,0x00000000c3280000)
 Metaspace       used 24043K, capacity 24628K, committed 24704K, reserved 1071104K
  class space    used 3275K, capacity 3450K, committed 3456K, reserved 1048576K
Event: 10.594 GC heap after
Heap after GC invocations=8 (full 1):
 PSYoungGen      total 28672K, used 3430K [0x00000000eab00000, 0x00000000edc80000, 0x0000000100000000)
  eden space 18944K, 0% used [0x00000000eab00000,0x00000000eab00000,0x00000000ebd80000)
  from space 9728K, 35% used [0x00000000ebd80000,0x00000000ec0d9a60,0x00000000ec700000)
  to   space 9728K, 0% used [0x00000000ed300000,0x00000000ed300000,0x00000000edc80000)
 ParOldGen       total 51712K, used 11034K [0x00000000c0000000, 0x00000000c3280000, 0x00000000eab00000)
  object space 51712K, 21% used [0x00000000c0000000,0x00000000c0ac6a38,0x00000000c3280000)
 Metaspace       used 24043K, capacity 24628K, committed 24704K, reserved 1071104K
  class space    used 3275K, capacity 3450K, committed 3456K, reserved 1048576K
}
Event: 10.998 GC heap before
{Heap before GC invocations=9 (full 1):
 PSYoungGen      total 28672K, used 22374K [0x00000000eab00000, 0x00000000edc80000, 0x0000000100000000)
  eden space 18944K, 100% used [0x00000000eab00000,0x00000000ebd80000,0x00000000ebd80000)
  from space 9728K, 35% used [0x00000000ebd80000,0x00000000ec0d9a60,0x00000000ec700000)
  to   space 9728K, 0% used [0x00000000ed300000,0x00000000ed300000,0x00000000edc80000)
 ParOldGen       total 51712K, used 11034K [0x00000000c0000000, 0x00000000c3280000, 0x00000000eab00000)
  object space 51712K, 21% used [0x00000000c0000000,0x00000000c0ac6a38,0x00000000c3280000)
 Metaspace       used 25647K, capacity 26234K, committed 26240K, reserved 1071104K
  class space    used 3532K, capacity 3707K, committed 3712K, reserved 1048576K
Event: 11.003 GC heap after
Heap after GC invocations=9 (full 1):
 PSYoungGen      total 40960K, used 4296K [0x00000000eab00000, 0x00000000edc80000, 0x0000000100000000)
  eden space 31232K, 0% used [0x00000000eab00000,0x00000000eab00000,0x00000000ec980000)
  from space 9728K, 44% used [0x00000000ed300000,0x00000000ed7323b8,0x00000000edc80000)
  to   space 9728K, 0% used [0x00000000ec980000,0x00000000ec980000,0x00000000ed300000)
 ParOldGen       total 51712K, used 11042K [0x00000000c0000000, 0x00000000c3280000, 0x00000000eab00000)
  object space 51712K, 21% used [0x00000000c0000000,0x00000000c0ac8a38,0x00000000c3280000)
 Metaspace       used 25647K, capacity 26234K, committed 26240K, reserved 1071104K
  class space    used 3532K, capacity 3707K, committed 3712K, reserved 1048576K
}
Event: 11.823 GC heap before
{Heap before GC invocations=10 (full 1):
 PSYoungGen      total 40960K, used 35528K [0x00000000eab00000, 0x00000000edc80000, 0x0000000100000000)
  eden space 31232K, 100% used [0x00000000eab00000,0x00000000ec980000,0x00000000ec980000)
  from space 9728K, 44% used [0x00000000ed300000,0x00000000ed7323b8,0x00000000edc80000)
  to   space 9728K, 0% used [0x00000000ec980000,0x00000000ec980000,0x00000000ed300000)
 ParOldGen       total 51712K, used 11042K [0x00000000c0000000, 0x00000000c3280000, 0x00000000eab00000)
  object space 51712K, 21% used [0x00000000c0000000,0x00000000c0ac8a38,0x00000000c3280000)
 Metaspace       used 27887K, capacity 28460K, committed 28672K, reserved 1073152K
  class space    used 3844K, capacity 3998K, committed 4096K, reserved 1048576K
Event: 11.838 GC heap after
Heap after GC invocations=10 (full 1):
 PSYoungGen      total 40960K, used 3797K [0x00000000eab00000, 0x00000000ee800000, 0x0000000100000000)
  eden space 31232K, 0% used [0x00000000eab00000,0x00000000eab00000,0x00000000ec980000)
  from space 9728K, 39% used [0x00000000ec980000,0x00000000ecd35410,0x00000000ed300000)
  to   space 9216K, 0% used [0x00000000edf00000,0x00000000edf00000,0x00000000ee800000)
 ParOldGen       total 51712K, used 12526K [0x00000000c0000000, 0x00000000c3280000, 0x00000000eab00000)
  object space 51712K, 24% used [0x00000000c0000000,0x00000000c0c3ba58,0x00000000c3280000)
 Metaspace       used 27887K, capacity 28460K, committed 28672K, reserved 1073152K
  class space    used 3844K, capacity 3998K, committed 4096K, reserved 1048576K
}
Event: 12.473 GC heap before
{Heap before GC invocations=11 (full 1):
 PSYoungGen      total 40960K, used 35029K [0x00000000eab00000, 0x00000000ee800000, 0x0000000100000000)
  eden space 31232K, 100% used [0x00000000eab00000,0x00000000ec980000,0x00000000ec980000)
  from space 9728K, 39% used [0x00000000ec980000,0x00000000ecd35410,0x00000000ed300000)
  to   space 9216K, 0% used [0x00000000edf00000,0x00000000edf00000,0x00000000ee800000)
 ParOldGen       total 51712K, used 12526K [0x00000000c0000000, 0x00000000c3280000, 0x00000000eab00000)
  object space 51712K, 24% used [0x00000000c0000000,0x00000000c0c3ba58,0x00000000c3280000)
 Metaspace       used 28084K, capacity 28658K, committed 28928K, reserved 1075200K
  class space    used 3849K, capacity 3999K, committed 4096K, reserved 1048576K
Event: 12.478 GC heap after
Heap after GC invocations=11 (full 1):
 PSYoungGen      total 52736K, used 1312K [0x00000000eab00000, 0x00000000ee880000, 0x0000000100000000)
  eden space 43520K, 0% used [0x00000000eab00000,0x00000000eab00000,0x00000000ed580000)
  from space 9216K, 14% used [0x00000000edf00000,0x00000000ee048010,0x00000000ee800000)
  to   space 9728K, 0% used [0x00000000ed580000,0x00000000ed580000,0x00000000edf00000)
 ParOldGen       total 51712K, used 13763K [0x00000000c0000000, 0x00000000c3280000, 0x00000000eab00000)
  object space 51712K, 26% used [0x00000000c0000000,0x00000000c0d70e68,0x00000000c3280000)
 Metaspace       used 28084K, capacity 28658K, committed 28928K, reserved 1075200K
  class space    used 3849K, capacity 3999K, committed 4096K, reserved 1048576K
}
Event: 13.521 GC heap before
{Heap before GC invocations=12 (full 1):
 PSYoungGen      total 52736K, used 44832K [0x00000000eab00000, 0x00000000ee880000, 0x0000000100000000)
  eden space 43520K, 100% used [0x00000000eab00000,0x00000000ed580000,0x00000000ed580000)
  from space 9216K, 14% used [0x00000000edf00000,0x00000000ee048010,0x00000000ee800000)
  to   space 9728K, 0% used [0x00000000ed580000,0x00000000ed580000,0x00000000edf00000)
 ParOldGen       total 51712K, used 13763K [0x00000000c0000000, 0x00000000c3280000, 0x00000000eab00000)
  object space 51712K, 26% used [0x00000000c0000000,0x00000000c0d70e68,0x00000000c3280000)
 Metaspace       used 29807K, capacity 30446K, committed 30720K, reserved 1075200K
  class space    used 4042K, capacity 4239K, committed 4352K, reserved 1048576K
Event: 13.525 GC heap after
Heap after GC invocations=12 (full 1):
 PSYoungGen      total 53248K, used 2626K [0x00000000eab00000, 0x00000000ef680000, 0x0000000100000000)
  eden space 43520K, 0% used [0x00000000eab00000,0x00000000eab00000,0x00000000ed580000)
  from space 9728K, 27% used [0x00000000ed580000,0x00000000ed810ba0,0x00000000edf00000)
  to   space 9216K, 0% used [0x00000000eed80000,0x00000000eed80000,0x00000000ef680000)
 ParOldGen       total 51712K, used 14659K [0x00000000c0000000, 0x00000000c3280000, 0x00000000eab00000)
  object space 51712K, 28% used [0x00000000c0000000,0x00000000c0e50e90,0x00000000c3280000)
 Metaspace       used 29807K, capacity 30446K, committed 30720K, reserved 1075200K
  class space    used 4042K, capacity 4239K, committed 4352K, reserved 1048576K
}

